<?xml version="1.0" encoding="UTF-8" ?>
<testsuite tests="55" failures="0" name="TestSuite" time="0.013" errors="0" skipped="0">
  <properties>
    <property name="java.runtime.name" value="OpenJDK Runtime Environment"/>
    <property name="java.vm.version" value="11.0.6+8-b520.43"/>
    <property name="sun.boot.library.path" value="/opt/intellij/idea-IC-193.6911.18/jbr/lib"/>
    <property name="maven.multiModuleProjectDirectory" value="/home/andrei/java-projects/study/otus/architecture/one"/>
    <property name="java.vm.vendor" value="JetBrains s.r.o"/>
    <property name="java.vendor.url" value="https://www.jetbrains.com/"/>
    <property name="guice.disable.misplaced.annotation.check" value="true"/>
    <property name="path.separator" value=":"/>
    <property name="java.vm.name" value="OpenJDK 64-Bit Server VM"/>
    <property name="sun.os.patch.level" value="unknown"/>
    <property name="user.country" value="US"/>
    <property name="sun.java.launcher" value="SUN_STANDARD"/>
    <property name="java.vm.specification.name" value="Java Virtual Machine Specification"/>
    <property name="user.dir" value="/home/andrei/java-projects/study/otus/architecture/one"/>
    <property name="java.vm.compressedOopsMode" value="Zero based"/>
    <property name="java.runtime.version" value="11.0.6+8-b520.43"/>
    <property name="java.awt.graphicsenv" value="sun.awt.X11GraphicsEnvironment"/>
    <property name="os.arch" value="amd64"/>
    <property name="java.io.tmpdir" value="/tmp"/>
    <property name="line.separator" value="
"/>
    <property name="java.vm.specification.vendor" value="Oracle Corporation"/>
    <property name="os.name" value="Linux"/>
    <property name="maven.ext.class.path" value="/opt/intellij/idea-IC-193.6911.18/plugins/maven/lib/maven-event-listener.jar"/>
    <property name="classworlds.conf" value="/opt/maven/apache-maven-3.6.3/bin/m2.conf"/>
    <property name="sun.jnu.encoding" value="UTF-8"/>
    <property name="java.library.path" value="/usr/java/packages/lib:/usr/lib64:/lib64:/lib:/usr/lib"/>
    <property name="maven.conf" value="/opt/maven/apache-maven-3.6.3/conf"/>
    <property name="jdk.debug" value="release"/>
    <property name="java.class.version" value="55.0"/>
    <property name="java.specification.name" value="Java Platform API Specification"/>
    <property name="sun.management.compiler" value="HotSpot 64-Bit Tiered Compilers"/>
    <property name="idea.version2019.3.4" value="true"/>
    <property name="os.version" value="5.3.0-45-generic"/>
    <property name="user.home" value="/home/andrei"/>
    <property name="user.timezone" value="Europe/Moscow"/>
    <property name="java.awt.printerjob" value="sun.print.PSPrinterJob"/>
    <property name="file.encoding" value="UTF-8"/>
    <property name="java.specification.version" value="11"/>
    <property name="user.name" value="andrei"/>
    <property name="java.class.path" value="/opt/maven/apache-maven-3.6.3/boot/plexus-classworlds.license:/opt/maven/apache-maven-3.6.3/boot/plexus-classworlds-2.6.0.jar"/>
    <property name="java.vm.specification.version" value="11"/>
    <property name="sun.arch.data.model" value="64"/>
    <property name="sun.java.command" value="org.codehaus.classworlds.Launcher -Didea.version2019.3.4 package"/>
    <property name="java.home" value="/opt/intellij/idea-IC-193.6911.18/jbr"/>
    <property name="user.language" value="en"/>
    <property name="java.specification.vendor" value="Oracle Corporation"/>
    <property name="awt.toolkit" value="sun.awt.X11.XToolkit"/>
    <property name="java.vm.info" value="mixed mode"/>
    <property name="java.version" value="11.0.6"/>
    <property name="securerandom.source" value="file:/dev/./urandom"/>
    <property name="java.vendor" value="JetBrains s.r.o"/>
    <property name="maven.home" value="/opt/maven/apache-maven-3.6.3"/>
    <property name="file.separator" value="/"/>
    <property name="java.version.date" value="2020-01-14"/>
    <property name="java.vendor.url.bug" value="https://youtrack.jetbrains.com"/>
    <property name="sun.io.unicode.encoding" value="UnicodeLittle"/>
    <property name="sun.cpu.endian" value="little"/>
    <property name="sun.desktop" value="gnome"/>
    <property name="sun.cpu.isalist" value=""/>
  </properties>
  <testcase classname="MyStringTest" name="testClearOfMyString" time="0.004"/>
  <testcase classname="MyStringTest" name="testClearOfMyString" time="0"/>
  <testcase classname="MyStringTest" name="testClearOfMyString" time="0"/>
  <testcase classname="MyStringTest" name="testClearOfMyString" time="0"/>
  <testcase classname="MyStringTest" name="testGetLength" time="0"/>
  <testcase classname="MyStringTest" name="testGetLength" time="0"/>
  <testcase classname="MyStringTest" name="testGetLength" time="0"/>
  <testcase classname="MyStringTest" name="testGetLength" time="0"/>
  <testcase classname="MyStringTest" name="testGetLength" time="0"/>
  <testcase classname="MyStringTest" name="testGetLength" time="0"/>
  <testcase classname="MyStringTest" name="testMyString" time="0"/>
  <testcase classname="MyStringTest" name="testMyString" time="0.001"/>
  <testcase classname="MyStringTest" name="testMyString" time="0"/>
  <testcase classname="MyStringTest" name="testMyString" time="0"/>
  <testcase classname="MyStringTest" name="testMyString" time="0"/>
  <testcase classname="MyStringTest" name="testMyString" time="0"/>
  <testcase classname="MyStringTest" name="testMyStringChar" time="0"/>
  <testcase classname="MyStringTest" name="testMyStringChar" time="0"/>
  <testcase classname="MyStringTest" name="testMyStringChar" time="0"/>
  <testcase classname="MyStringStackTest" name="testCapacityConstructor" time="0"/>
  <testcase classname="MyStringStackTest" name="testCapacityConstructor" time="0"/>
  <testcase classname="MyStringStackTest" name="testCapacityConstructor" time="0"/>
  <testcase classname="MyStringStackTest" name="testCapacityConstructor" time="0.001"/>
  <testcase classname="MyStringStackTest" name="testDefaultConstructor" time="0"/>
  <testcase classname="MyStringStackTest" name="testStackPeek" time="0.001"/>
  <testcase classname="MyStringStackTest" name="testStackPop" time="0.001"/>
  <testcase classname="MyStringStackTest" name="testStackPush" time="0"/>
  <testcase classname="MyStringActionTest" name="testAddString" time="0.001"/>
  <testcase classname="MyStringActionTest" name="testAddString" time="0"/>
  <testcase classname="MyStringActionTest" name="testAddString" time="0"/>
  <testcase classname="MyStringActionTest" name="testAddString" time="0"/>
  <testcase classname="MyStringActionTest" name="testGetMyString" time="0"/>
  <testcase classname="MyStringActionTest" name="testGetMyString" time="0"/>
  <testcase classname="MyStringActionTest" name="testGetMyString" time="0"/>
  <testcase classname="MyStringActionTest" name="testGetMyString" time="0.001"/>
  <testcase classname="MyStringActionTest" name="testGetMyString" time="0"/>
  <testcase classname="MyStringActionTest" name="testGetMyStringStartPosition" time="0"/>
  <testcase classname="MyStringActionTest" name="testGetMyStringStartPosition" time="0.001"/>
  <testcase classname="MyStringActionTest" name="testGetMyStringStartPosition" time="0"/>
  <testcase classname="MyStringActionTest" name="testGetMyStringStartPosition" time="0"/>
  <testcase classname="MyStringActionTest" name="testGetMyStringStartPosition" time="0"/>
  <testcase classname="MyStringActionTest" name="testGetMyStringSymbolsNumber" time="0"/>
  <testcase classname="MyStringActionTest" name="testGetMyStringSymbolsNumber" time="0"/>
  <testcase classname="MyStringActionTest" name="testGetMyStringSymbolsNumber" time="0"/>
  <testcase classname="MyStringActionTest" name="testGetMyStringSymbolsNumber" time="0"/>
  <testcase classname="MyStringActionTest" name="testGetMyStringSymbolsNumber" time="0"/>
  <testcase classname="MyStringActionTest" name="testMyStringActionCapacity" time="0.001"/>
  <testcase classname="MyStringActionTest" name="testMyStringActionCapacity" time="0"/>
  <testcase classname="MyStringActionTest" name="testMyStringActionCapacity" time="0"/>
  <testcase classname="MyStringActionTest" name="testSetMyString" time="0"/>
  <testcase classname="MyStringActionTest" name="testSetMyString" time="0.001"/>
  <testcase classname="MyStringActionTest" name="testSetMyString" time="0"/>
  <testcase classname="MyStringActionTest" name="testSetMyString" time="0"/>
  <testcase classname="MyStringActionTest" name="testSetMyString" time="0"/>
  <testcase classname="MyStringActionTest" name="testSetMyString" time="0"/>
</testsuite>