<?xml version="1.0" encoding="UTF-8"?>
<!-- Generated by org.testng.reporters.JUnitReportReporter -->
<testsuite hostname="andrei" failures="0" tests="19" name="otus.architecture.one.MyStringTest" time="0.004" errors="0" timestamp="2020-04-10T00:22:42 MSK" skipped="0">
  <testcase classname="otus.architecture.one.MyStringTest" name="testMyString" time="0.001"/>
  <system-out/>
  <testcase classname="otus.architecture.one.MyStringTest" name="testGetLength" time="0.000"/>
  <system-out/>
  <testcase classname="otus.architecture.one.MyStringTest" name="testMyStringChar" time="0.000"/>
  <system-out/>
  <testcase classname="otus.architecture.one.MyStringTest" name="testGetLength" time="0.000"/>
  <system-out/>
  <testcase classname="otus.architecture.one.MyStringTest" name="testClearOfMyString" time="0.003"/>
  <system-out/>
  <testcase classname="otus.architecture.one.MyStringTest" name="testMyString" time="0.000"/>
  <system-out/>
  <testcase classname="otus.architecture.one.MyStringTest" name="testGetLength" time="0.000"/>
  <system-out/>
  <testcase classname="otus.architecture.one.MyStringTest" name="testGetLength" time="0.000"/>
  <system-out/>
  <testcase classname="otus.architecture.one.MyStringTest" name="testMyString" time="0.000"/>
  <system-out/>
  <testcase classname="otus.architecture.one.MyStringTest" name="testMyString" time="0.000"/>
  <system-out/>
  <testcase classname="otus.architecture.one.MyStringTest" name="testGetLength" time="0.000"/>
  <system-out/>
  <testcase classname="otus.architecture.one.MyStringTest" name="testMyStringChar" time="0.000"/>
  <system-out/>
  <testcase classname="otus.architecture.one.MyStringTest" name="testMyString" time="0.000"/>
  <system-out/>
  <testcase classname="otus.architecture.one.MyStringTest" name="testMyString" time="0.000"/>
  <system-out/>
  <testcase classname="otus.architecture.one.MyStringTest" name="testMyStringChar" time="0.000"/>
  <system-out/>
  <testcase classname="otus.architecture.one.MyStringTest" name="testClearOfMyString" time="0.000"/>
  <system-out/>
  <testcase classname="otus.architecture.one.MyStringTest" name="testClearOfMyString" time="0.000"/>
  <system-out/>
  <testcase classname="otus.architecture.one.MyStringTest" name="testGetLength" time="0.000"/>
  <system-out/>
  <testcase classname="otus.architecture.one.MyStringTest" name="testClearOfMyString" time="0.000"/>
  <system-out/>
</testsuite> <!-- otus.architecture.one.MyStringTest -->
