<?xml version="1.0" encoding="UTF-8"?>
<!-- Generated by org.testng.reporters.JUnitReportReporter -->
<testsuite hostname="andrei" failures="0" tests="28" name="otus.architecture.one.MyStringActionTest" time="0.002" errors="0" timestamp="2020-04-10T00:22:42 MSK" skipped="0">
  <testcase classname="otus.architecture.one.MyStringActionTest" name="testAddString" time="0.000"/>
  <system-out/>
  <testcase classname="otus.architecture.one.MyStringActionTest" name="testGetMyStringStartPosition" time="0.000"/>
  <system-out/>
  <testcase classname="otus.architecture.one.MyStringActionTest" name="testSetMyString" time="0.000"/>
  <system-out/>
  <testcase classname="otus.architecture.one.MyStringActionTest" name="testGetMyString" time="0.000"/>
  <system-out/>
  <testcase classname="otus.architecture.one.MyStringActionTest" name="testGetMyString" time="0.000"/>
  <system-out/>
  <testcase classname="otus.architecture.one.MyStringActionTest" name="testAddString" time="0.000"/>
  <system-out/>
  <testcase classname="otus.architecture.one.MyStringActionTest" name="testSetMyString" time="0.000"/>
  <system-out/>
  <testcase classname="otus.architecture.one.MyStringActionTest" name="testMyStringActionCapacity" time="0.000"/>
  <system-out/>
  <testcase classname="otus.architecture.one.MyStringActionTest" name="testGetMyStringStartPosition" time="0.000"/>
  <system-out/>
  <testcase classname="otus.architecture.one.MyStringActionTest" name="testAddString" time="0.000"/>
  <system-out/>
  <testcase classname="otus.architecture.one.MyStringActionTest" name="testGetMyStringSymbolsNumber" time="0.000"/>
  <system-out/>
  <testcase classname="otus.architecture.one.MyStringActionTest" name="testSetMyString" time="0.000"/>
  <system-out/>
  <testcase classname="otus.architecture.one.MyStringActionTest" name="testSetMyString" time="0.000"/>
  <system-out/>
  <testcase classname="otus.architecture.one.MyStringActionTest" name="testGetMyStringSymbolsNumber" time="0.000"/>
  <system-out/>
  <testcase classname="otus.architecture.one.MyStringActionTest" name="testGetMyStringSymbolsNumber" time="0.001"/>
  <system-out/>
  <testcase classname="otus.architecture.one.MyStringActionTest" name="testGetMyString" time="0.000"/>
  <system-out/>
  <testcase classname="otus.architecture.one.MyStringActionTest" name="testSetMyString" time="0.000"/>
  <system-out/>
  <testcase classname="otus.architecture.one.MyStringActionTest" name="testGetMyStringSymbolsNumber" time="0.000"/>
  <system-out/>
  <testcase classname="otus.architecture.one.MyStringActionTest" name="testGetMyStringSymbolsNumber" time="0.000"/>
  <system-out/>
  <testcase classname="otus.architecture.one.MyStringActionTest" name="testGetMyStringStartPosition" time="0.000"/>
  <system-out/>
  <testcase classname="otus.architecture.one.MyStringActionTest" name="testGetMyString" time="0.000"/>
  <system-out/>
  <testcase classname="otus.architecture.one.MyStringActionTest" name="testMyStringActionCapacity" time="0.001"/>
  <system-out/>
  <testcase classname="otus.architecture.one.MyStringActionTest" name="testMyStringActionCapacity" time="0.000"/>
  <system-out/>
  <testcase classname="otus.architecture.one.MyStringActionTest" name="testSetMyString" time="0.000"/>
  <system-out/>
  <testcase classname="otus.architecture.one.MyStringActionTest" name="testAddString" time="0.000"/>
  <system-out/>
  <testcase classname="otus.architecture.one.MyStringActionTest" name="testGetMyStringStartPosition" time="0.000"/>
  <system-out/>
  <testcase classname="otus.architecture.one.MyStringActionTest" name="testGetMyString" time="0.000"/>
  <system-out/>
  <testcase classname="otus.architecture.one.MyStringActionTest" name="testGetMyStringStartPosition" time="0.000"/>
  <system-out/>
</testsuite> <!-- otus.architecture.one.MyStringActionTest -->
