<?xml version="1.0" encoding="UTF-8"?>
<!-- Generated by org.testng.reporters.JUnitReportReporter -->
<testsuite hostname="andrei" failures="0" tests="8" name="otus.architecture.one.MyStringStackTest" time="0.001" errors="0" timestamp="2020-04-10T00:22:42 MSK" skipped="0">
  <testcase classname="otus.architecture.one.MyStringStackTest" name="testCapacityConstructor" time="0.001"/>
  <system-out/>
  <testcase classname="otus.architecture.one.MyStringStackTest" name="testCapacityConstructor" time="0.000"/>
  <system-out/>
  <testcase classname="otus.architecture.one.MyStringStackTest" name="testStackPop" time="0.000"/>
  <system-out/>
  <testcase classname="otus.architecture.one.MyStringStackTest" name="testCapacityConstructor" time="0.000"/>
  <system-out/>
  <testcase classname="otus.architecture.one.MyStringStackTest" name="testDefaultConstructor" time="0.000"/>
  <system-out/>
  <testcase classname="otus.architecture.one.MyStringStackTest" name="testCapacityConstructor" time="0.000"/>
  <system-out/>
  <testcase classname="otus.architecture.one.MyStringStackTest" name="testStackPeek" time="0.000"/>
  <system-out/>
  <testcase classname="otus.architecture.one.MyStringStackTest" name="testStackPush" time="0.000"/>
  <system-out/>
</testsuite> <!-- otus.architecture.one.MyStringStackTest -->
