<?xml version="1.0" encoding="UTF-8"?>
<!-- Generated by org.testng.reporters.JUnitReportReporter -->
<testsuite hostname="andrei" failures="0" tests="28" name="MyStringActionTest" time="0.002" errors="0" timestamp="2020-04-10T00:33:08 MSK" skipped="0">
  <testcase classname="MyStringActionTest" name="testAddString" time="0.000"/>
  <system-out/>
  <testcase classname="MyStringActionTest" name="testGetMyStringStartPosition" time="0.000"/>
  <system-out/>
  <testcase classname="MyStringActionTest" name="testSetMyString" time="0.000"/>
  <system-out/>
  <testcase classname="MyStringActionTest" name="testGetMyString" time="0.000"/>
  <system-out/>
  <testcase classname="MyStringActionTest" name="testGetMyString" time="0.000"/>
  <system-out/>
  <testcase classname="MyStringActionTest" name="testAddString" time="0.000"/>
  <system-out/>
  <testcase classname="MyStringActionTest" name="testSetMyString" time="0.001"/>
  <system-out/>
  <testcase classname="MyStringActionTest" name="testMyStringActionCapacity" time="0.000"/>
  <system-out/>
  <testcase classname="MyStringActionTest" name="testGetMyStringStartPosition" time="0.000"/>
  <system-out/>
  <testcase classname="MyStringActionTest" name="testAddString" time="0.000"/>
  <system-out/>
  <testcase classname="MyStringActionTest" name="testGetMyStringSymbolsNumber" time="0.000"/>
  <system-out/>
  <testcase classname="MyStringActionTest" name="testSetMyString" time="0.000"/>
  <system-out/>
  <testcase classname="MyStringActionTest" name="testSetMyString" time="0.000"/>
  <system-out/>
  <testcase classname="MyStringActionTest" name="testGetMyStringSymbolsNumber" time="0.000"/>
  <system-out/>
  <testcase classname="MyStringActionTest" name="testGetMyStringSymbolsNumber" time="0.000"/>
  <system-out/>
  <testcase classname="MyStringActionTest" name="testGetMyString" time="0.000"/>
  <system-out/>
  <testcase classname="MyStringActionTest" name="testSetMyString" time="0.000"/>
  <system-out/>
  <testcase classname="MyStringActionTest" name="testGetMyStringSymbolsNumber" time="0.000"/>
  <system-out/>
  <testcase classname="MyStringActionTest" name="testGetMyStringSymbolsNumber" time="0.000"/>
  <system-out/>
  <testcase classname="MyStringActionTest" name="testGetMyStringStartPosition" time="0.000"/>
  <system-out/>
  <testcase classname="MyStringActionTest" name="testGetMyString" time="0.000"/>
  <system-out/>
  <testcase classname="MyStringActionTest" name="testMyStringActionCapacity" time="0.001"/>
  <system-out/>
  <testcase classname="MyStringActionTest" name="testMyStringActionCapacity" time="0.000"/>
  <system-out/>
  <testcase classname="MyStringActionTest" name="testSetMyString" time="0.000"/>
  <system-out/>
  <testcase classname="MyStringActionTest" name="testAddString" time="0.000"/>
  <system-out/>
  <testcase classname="MyStringActionTest" name="testGetMyStringStartPosition" time="0.000"/>
  <system-out/>
  <testcase classname="MyStringActionTest" name="testGetMyString" time="0.000"/>
  <system-out/>
  <testcase classname="MyStringActionTest" name="testGetMyStringStartPosition" time="0.000"/>
  <system-out/>
</testsuite> <!-- MyStringActionTest -->
