<?xml version="1.0" encoding="UTF-8"?>
<!-- Generated by org.testng.reporters.JUnitReportReporter -->
<testsuite hostname="andrei" failures="0" tests="8" name="MyStringStackTest" time="0.002" errors="0" timestamp="2020-04-10T00:33:08 MSK" skipped="0">
  <testcase classname="MyStringStackTest" name="testCapacityConstructor" time="0.000"/>
  <system-out/>
  <testcase classname="MyStringStackTest" name="testCapacityConstructor" time="0.000"/>
  <system-out/>
  <testcase classname="MyStringStackTest" name="testStackPop" time="0.001"/>
  <system-out/>
  <testcase classname="MyStringStackTest" name="testCapacityConstructor" time="0.000"/>
  <system-out/>
  <testcase classname="MyStringStackTest" name="testDefaultConstructor" time="0.000"/>
  <system-out/>
  <testcase classname="MyStringStackTest" name="testCapacityConstructor" time="0.001"/>
  <system-out/>
  <testcase classname="MyStringStackTest" name="testStackPeek" time="0.000"/>
  <system-out/>
  <testcase classname="MyStringStackTest" name="testStackPush" time="0.000"/>
  <system-out/>
</testsuite> <!-- MyStringStackTest -->
